[[1;34mINFO[m] Scanning for projects...
[[1;34mINFO[m] 
[[1;34mINFO[m] [1m--------------------------< [0;36mcom.example:demo[0;1m >--------------------------[m
[[1;34mINFO[m] [1mBuilding demo 0.0.1-SNAPSHOT[m
[[1;34mINFO[m] [1m--------------------------------[ jar ]---------------------------------[m
[[1;34mINFO[m] 
[[1;34mINFO[m] [1m--- [0;32mexec-maven-plugin:3.1.0:java[m [1m(default-cli)[m @ [36mdemo[0;1m ---[m
[[1;33mWARNING[m] 
[1;31mjava.lang.ClassNotFoundException[m: [1;31mcom.example.demo.LoginTest[m
    [1mat[m org.codehaus.mojo.exec.URLClassLoaderBuilder$ExecJavaClassLoader.loadClass ([1mURLClassLoaderBuilder.java:198[m)
    [1mat[m java.lang.ClassLoader.loadClass ([1mClassLoader.java:525[m)
    [1mat[m org.codehaus.mojo.exec.ExecJavaMojo$1.run ([1mExecJavaMojo.java:271[m)
    [1mat[m java.lang.Thread.run ([1mThread.java:840[m)
[[1;34mINFO[m] [1m------------------------------------------------------------------------[m
[[1;34mINFO[m] [1;31mBUILD FAILURE[m
[[1;34mINFO[m] [1m------------------------------------------------------------------------[m
[[1;34mINFO[m] Total time:  0.699 s
[[1;34mINFO[m] Finished at: 2025-06-26T17:42:56Z
[[1;34mINFO[m] [1m------------------------------------------------------------------------[m
[[1;31mERROR[m] Failed to execute goal [32morg.codehaus.mojo:exec-maven-plugin:3.1.0:java[m [1m(default-cli)[m on project [36mdemo[m: [1;31mAn exception occurred while executing the Java class. com.example.demo.LoginTest[m -> [1m[Help 1][m
[[1;31mERROR[m] 
[[1;31mERROR[m] To see the full stack trace of the errors, re-run Maven with the [1m-e[m switch.
[[1;31mERROR[m] Re-run Maven using the [1m-X[m switch to enable full debug logging.
[[1;31mERROR[m] 
[[1;31mERROR[m] For more information about the errors and possible solutions, please read the following articles:
[[1;31mERROR[m] [1m[Help 1][m http://cwiki.apache.org/confluence/display/MAVEN/MojoExecutionException
[0m[0m